[Wednesday, 9th October 2013 11:12:59] [Parse.php] sheet for main_sheet does not exist
[Wednesday, 9th October 2013 11:12:59] [Parse.php] sheet for vaccine does not exist
[Wednesday, 9th October 2013 11:12:59] [Parse.php] sheet for illness does not exist
[Wednesday, 9th October 2013 11:25:45] [Parse.php] sheet for main_sheet does not exist
[Wednesday, 9th October 2013 11:25:46] [Parse.php] sheet for vaccine does not exist
[Wednesday, 9th October 2013 11:25:46] [Parse.php] sheet for illness does not exist
[Wednesday, 9th October 2013 11:31:09] [Parse.php] sheet for main_sheet does not exist
[Wednesday, 9th October 2013 11:31:09] [Parse.php] sheet for vaccine does not exist
[Wednesday, 9th October 2013 11:31:09] [Parse.php] sheet for illness does not exist
[Wednesday, 9th October 2013 12:05:01] [Parse.php] sheet for main_sheet does not exist
[Wednesday, 9th October 2013 12:05:01] [Parse.php] sheet for vaccine does not exist
[Wednesday, 9th October 2013 12:05:01] [Parse.php] sheet for illness does not exist
[Wednesday, 9th October 2013 14:30:22] [Parse.php] sheet for main_sheet does not exist
[Wednesday, 9th October 2013 14:36:04] [Parse.php] sheet for main_sheet does not exist
[Wednesday, 9th October 2013 14:39:09] [Parse.php] sheet for main_sheet does not exist
[Wednesday, 9th October 2013 14:39:56] [Parse.php] sheet for main_sheet does not exist
[Wednesday, 9th October 2013 14:41:48] [Parse.php] sheet for main_sheet does not exist
[Wednesday, 9th October 2013 14:41:48] [Parse.php] sheet for vaccine does not exist
[Wednesday, 9th October 2013 14:41:48] [Parse.php] sheet for illness does not exist
[Wednesday, 9th October 2013 14:45:23] [Parse.php] sheet for main_sheet does not exist
[Wednesday, 9th October 2013 14:45:23] [Parse.php] sheet for breed does not exist
[Wednesday, 9th October 2013 15:01:24] [Parse.php] sheet for main_sheet does not exist
[Wednesday, 9th October 2013 15:03:05] [Parse.php] sheet for main_sheet does not exist
[Wednesday, 9th October 2013 15:03:05] [Parse.php] sheet for vaccine does not exist
[Wednesday, 9th October 2013 15:03:05] [Parse.php] sheet for illness does not exist
[Wednesday, 9th October 2013 15:05:24] [Parse.php] sheet for main_sheet does not exist
[Wednesday, 9th October 2013 15:05:24] [Parse.php] sheet for vaccine does not exist
[Wednesday, 9th October 2013 15:05:24] [Parse.php] sheet for illness does not exist
[Wednesday, 9th October 2013 15:06:41] [Parse.php] sheet for main_sheet does not exist
[Wednesday, 9th October 2013 15:07:47] [Parse.php] sheet for main_sheet does not exist
[Wednesday, 9th October 2013 15:07:47] [Parse.php] sheet for other_samples does not exist
[Wednesday, 9th October 2013 15:23:32] [Parse.php] sheet for main_sheet does not exist
[Wednesday, 9th October 2013 15:23:32] [Parse.php] sheet for vaccine does not exist
[Wednesday, 9th October 2013 15:23:32] [Parse.php] sheet for illness does not exist
[Wednesday, 9th October 2013 15:25:52] [Parse.php] sheet for main_sheet does not exist
[Wednesday, 9th October 2013 15:25:52] [Parse.php] sheet for vaccine does not exist
[Wednesday, 9th October 2013 15:25:52] [Parse.php] sheet for illness does not exist
[Wednesday, 9th October 2013 15:26:37] [Parse.php] sheet for main_sheet does not exist
[Wednesday, 9th October 2013 15:27:55] [Parse.php] sheet for main_sheet does not exist
[Wednesday, 9th October 2013 15:27:55] [Parse.php] sheet for other_samples does not exist
[Wednesday, 9th October 2013 16:02:48] [Parse.php] sheet for main_sheet does not exist
[Wednesday, 9th October 2013 16:02:48] [Parse.php] sheet for vaccine does not exist
[Wednesday, 9th October 2013 16:02:48] [Parse.php] sheet for illness does not exist
